<?xml version="1.0" encoding="UTF-8"?>
<!-- Generated by org.testng.reporters.JUnitReportReporter -->
<testsuite hostname="DESKTOP-RUFELGS" failures="0" tests="10" name="All_Practicals.InvocationCount_Keyword" time="173.593" errors="0" timestamp="2020-02-21T11:22:00 EST" skipped="0">
  <testcase classname="All_Practicals.InvocationCount_Keyword" name="testThreadPools" time="18.071"/>
  <testcase classname="All_Practicals.InvocationCount_Keyword" name="testThreadPools" time="18.572"/>
  <testcase classname="All_Practicals.InvocationCount_Keyword" name="testThreadPools" time="16.041"/>
  <testcase classname="All_Practicals.InvocationCount_Keyword" name="testThreadPools" time="18.641"/>
  <testcase classname="All_Practicals.InvocationCount_Keyword" name="testThreadPools" time="16.181"/>
  <testcase classname="All_Practicals.InvocationCount_Keyword" name="testThreadPools" time="16.621"/>
  <testcase classname="All_Practicals.InvocationCount_Keyword" name="testThreadPools" time="18.684"/>
  <testcase classname="All_Practicals.InvocationCount_Keyword" name="testThreadPools" time="18.716"/>
  <testcase classname="All_Practicals.InvocationCount_Keyword" name="testThreadPools" time="16.088"/>
  <testcase classname="All_Practicals.InvocationCount_Keyword" name="testThreadPools" time="15.978"/>
</testsuite> <!-- All_Practicals.InvocationCount_Keyword -->
