<?xml version="1.0" encoding="UTF-8"?>
<!-- Generated by org.testng.reporters.JUnitReportReporter -->
<testsuite hostname="DESKTOP-RUFELGS" failures="0" tests="2" name="All_Practicals.SimpleTest_With_TestNG" time="24.014" errors="0" timestamp="2020-02-18T16:47:57 EST" skipped="0">
  <testcase classname="All_Practicals.SimpleTest_With_TestNG" name="GoogleSearch" time="10.308"/>
  <testcase classname="All_Practicals.SimpleTest_With_TestNG" name="verifyGoogleTitle" time="13.706"/>
</testsuite> <!-- All_Practicals.SimpleTest_With_TestNG -->
