<?xml version="1.0" encoding="UTF-8"?>
<!-- Generated by org.testng.reporters.JUnitReportReporter -->
<testsuite hostname="DESKTOP-RUFELGS" failures="0" tests="3" name="All_Practicals.DataProvider_Parameters" time="54.910" errors="0" timestamp="2020-02-18T16:57:26 EST" skipped="0">
  <testcase classname="All_Practicals.DataProvider_Parameters" name="searchText" time="19.067"/>
  <testcase classname="All_Practicals.DataProvider_Parameters" name="searchText" time="16.699"/>
  <testcase classname="All_Practicals.DataProvider_Parameters" name="searchText" time="19.144"/>
</testsuite> <!-- All_Practicals.DataProvider_Parameters -->
