<?xml version="1.0" encoding="UTF-8"?>
<!-- Generated by org.testng.reporters.JUnitReportReporter -->
<testsuite hostname="DESKTOP-RUFELGS" failures="0" tests="1" name="All_Practicals.Parameterized_Keyword" time="15.239" errors="0" timestamp="2020-02-18T16:59:58 EST" skipped="0">
  <testcase classname="All_Practicals.Parameterized_Keyword" name="loginTest" time="15.239"/>
</testsuite> <!-- All_Practicals.Parameterized_Keyword -->
