<?xml version="1.0" encoding="UTF-8"?>
<!-- Generated by org.testng.reporters.JUnitReportReporter -->
<testsuite hostname="DESKTOP-RUFELGS" failures="0" tests="3" name="All_Practicals.Group_Keyword" time="0.017" errors="0" timestamp="2020-02-13T11:13:17 EST" skipped="0">
  <testcase classname="All_Practicals.Group_Keyword" name="VerifyStep_1" time="0.012"/>
  <testcase classname="All_Practicals.Group_Keyword" name="VerifyStep_3" time="0.003"/>
  <testcase classname="All_Practicals.Group_Keyword" name="VerifyStep_2" time="0.002"/>
</testsuite> <!-- All_Practicals.Group_Keyword -->
