<?xml version="1.0" encoding="UTF-8"?>
<!-- Generated by org.testng.reporters.JUnitReportReporter -->
<testsuite hostname="DESKTOP-RUFELGS" failures="0" tests="1" name="Training_Program.LaunchURRL_TestNG" time="9.596" errors="0" timestamp="2020-02-13T11:05:04 EST" skipped="0">
  <testcase classname="Training_Program.LaunchURRL_TestNG" name="launchURL" time="9.596"/>
</testsuite> <!-- Training_Program.LaunchURRL_TestNG -->
