<?xml version="1.0" encoding="UTF-8"?>
<!-- Generated by org.testng.reporters.JUnitReportReporter -->
<testsuite hostname="DESKTOP-RUFELGS" failures="0" tests="3" name="All_Practicals.Annotation_Explaination" time="0.021" errors="0" timestamp="2020-02-21T11:28:03 EST" skipped="0">
  <testcase classname="All_Practicals.Annotation_Explaination" name="VerifyStep_3" time="0.012"/>
  <testcase classname="All_Practicals.Annotation_Explaination" name="VerifyStep_1" time="0.004"/>
  <testcase classname="All_Practicals.Annotation_Explaination" name="VerifyStep_4" time="0.005"/>
</testsuite> <!-- All_Practicals.Annotation_Explaination -->
